# JRE version: OpenJDK Runtime Environment Homebrew (21.0.1) (build 21.0.1)
# Java VM: OpenJDK 64-Bit Server VM Homebrew (21.0.1, mixed mode, sharing, tiered, compressed oops, compressed class ptrs, g1 gc, bsd-aarch64)
GC Precious Log:
 CardTable entry size: 512
 Card Set container configuration: InlinePtr #cards 5 size 8 Array Of Cards #cards 12 size 40 Howl #buckets 4 coarsen threshold 1843 Howl Bitmap #cards 512 size 80 coarsen threshold 460 Card regions per heap region 1 cards per card region 2048
 CPUs: 8 total, 8 available
 Memory: 8192M
 Large Page Support: Disabled
 NUMA Support: Disabled
 Compressed Oops: Enabled (Zero based)
 Heap Region Size: 1M
 Heap Min Capacity: 8M
 Heap Initial Capacity: 128M
 Heap Max Capacity: 512M
 Pre-touch: Disabled
 Parallel Workers: 1
 Concurrent Workers: 1
 Concurrent Refinement Workers: 1
 Periodic GC: Disabled
Heap:
 garbage-first heap   total 177152K, used 62988K [0x00000007e0000000, 0x0000000800000000)
  region size 1024K, 26 young (26624K), 6 survivors (6144K)
 Metaspace       used 7659K, committed 7936K, reserved 1114112K
  class space    used 776K, committed 896K, reserved 1048576K
GC Heap History (20 events):
Event: 0.222 GC heap before
{Heap before GC invocations=0 (full 0):
 garbage-first heap   total 133120K, used 7180K [0x00000007e0000000, 0x0000000800000000)
  region size 1024K, 6 young (6144K), 0 survivors (0K)
 Metaspace       used 2298K, committed 2432K, reserved 1114112K
  class space    used 243K, committed 320K, reserved 1048576K
}
Event: 0.224 GC heap after
{Heap after GC invocations=1 (full 0):
 garbage-first heap   total 133120K, used 3212K [0x00000007e0000000, 0x0000000800000000)
  region size 1024K, 1 young (1024K), 1 survivors (1024K)
 Metaspace       used 2298K, committed 2432K, reserved 1114112K
  class space    used 243K, committed 320K, reserved 1048576K
}
Event: 0.240 GC heap before
{Heap before GC invocations=1 (full 0):
 garbage-first heap   total 133120K, used 8332K [0x00000007e0000000, 0x0000000800000000)
  region size 1024K, 6 young (6144K), 1 survivors (1024K)
 Metaspace       used 2437K, committed 2560K, reserved 1114112K
  class space    used 256K, committed 320K, reserved 1048576K
}
Event: 0.241 GC heap after
{Heap after GC invocations=2 (full 0):
 garbage-first heap   total 133120K, used 4655K [0x00000007e0000000, 0x0000000800000000)
  region size 1024K, 1 young (1024K), 1 survivors (1024K)
 Metaspace       used 2437K, committed 2560K, reserved 1114112K
  class space    used 256K, committed 320K, reserved 1048576K
}
Event: 0.252 GC heap before
{Heap before GC invocations=2 (full 0):
 garbage-first heap   total 133120K, used 9775K [0x00000007e0000000, 0x0000000800000000)
  region size 1024K, 6 young (6144K), 1 survivors (1024K)
 Metaspace       used 2458K, committed 2560K, reserved 1114112K
  class space    used 256K, committed 320K, reserved 1048576K
}
Event: 0.253 GC heap after
{Heap after GC invocations=3 (full 0):
 garbage-first heap   total 133120K, used 6029K [0x00000007e0000000, 0x0000000800000000)
  region size 1024K, 1 young (1024K), 1 survivors (1024K)
 Metaspace       used 2458K, committed 2560K, reserved 1114112K
  class space    used 256K, committed 320K, reserved 1048576K
}
Event: 0.281 GC heap before
{Heap before GC invocations=3 (full 0):
 garbage-first heap   total 133120K, used 13197K [0x00000007e0000000, 0x0000000800000000)
  region size 1024K, 8 young (8192K), 1 survivors (1024K)
 Metaspace       used 2466K, committed 2560K, reserved 1114112K
  class space    used 256K, committed 320K, reserved 1048576K
}
Event: 0.283 GC heap after
{Heap after GC invocations=4 (full 0):
 garbage-first heap   total 133120K, used 7680K [0x00000007e0000000, 0x0000000800000000)
  region size 1024K, 1 young (1024K), 1 survivors (1024K)
 Metaspace       used 2466K, committed 2560K, reserved 1114112K
  class space    used 256K, committed 320K, reserved 1048576K
}
Event: 0.322 GC heap before
{Heap before GC invocations=4 (full 0):
 garbage-first heap   total 133120K, used 18944K [0x00000007e0000000, 0x0000000800000000)
  region size 1024K, 12 young (12288K), 1 survivors (1024K)
 Metaspace       used 2471K, committed 2560K, reserved 1114112K
  class space    used 256K, committed 320K, reserved 1048576K
}
Event: 0.324 GC heap after
{Heap after GC invocations=5 (full 0):
 garbage-first heap   total 133120K, used 10068K [0x00000007e0000000, 0x0000000800000000)
  region size 1024K, 2 young (2048K), 2 survivors (2048K)
 Metaspace       used 2471K, committed 2560K, reserved 1114112K
  class space    used 256K, committed 320K, reserved 1048576K
}
Event: 0.391 GC heap before
{Heap before GC invocations=5 (full 0):
 garbage-first heap   total 133120K, used 29524K [0x00000007e0000000, 0x0000000800000000)
  region size 1024K, 21 young (21504K), 2 survivors (2048K)
 Metaspace       used 2479K, committed 2624K, reserved 1114112K
  class space    used 256K, committed 320K, reserved 1048576K
}
Event: 0.395 GC heap after
{Heap after GC invocations=6 (full 0):
 garbage-first heap   total 161792K, used 13814K [0x00000007e0000000, 0x0000000800000000)
  region size 1024K, 3 young (3072K), 3 survivors (3072K)
 Metaspace       used 2479K, committed 2624K, reserved 1114112K
  class space    used 256K, committed 320K, reserved 1048576K
}
Event: 0.456 GC heap before
{Heap before GC invocations=6 (full 0):
 garbage-first heap   total 161792K, used 33270K [0x00000007e0000000, 0x0000000800000000)
  region size 1024K, 22 young (22528K), 3 survivors (3072K)
 Metaspace       used 2479K, committed 2624K, reserved 1114112K
  class space    used 256K, committed 320K, reserved 1048576K
}
Event: 0.460 GC heap after
{Heap after GC invocations=7 (full 0):
 garbage-first heap   total 161792K, used 16908K [0x00000007e0000000, 0x0000000800000000)
  region size 1024K, 3 young (3072K), 3 survivors (3072K)
 Metaspace       used 2479K, committed 2624K, reserved 1114112K
  class space    used 256K, committed 320K, reserved 1048576K
}
Event: 0.542 GC heap before
{Heap before GC invocations=7 (full 0):
 garbage-first heap   total 161792K, used 47628K [0x00000007e0000000, 0x0000000800000000)
  region size 1024K, 33 young (33792K), 3 survivors (3072K)
 Metaspace       used 2479K, committed 2624K, reserved 1114112K
  class space    used 256K, committed 320K, reserved 1048576K
}
Event: 0.547 GC heap after
{Heap after GC invocations=8 (full 0):
 garbage-first heap   total 161792K, used 20492K [0x00000007e0000000, 0x0000000800000000)
  region size 1024K, 4 young (4096K), 4 survivors (4096K)
 Metaspace       used 2479K, committed 2624K, reserved 1114112K
  class space    used 256K, committed 320K, reserved 1048576K
}
Event: 0.668 GC heap before
{Heap before GC invocations=8 (full 0):
 garbage-first heap   total 161792K, used 61452K [0x00000007e0000000, 0x0000000800000000)
  region size 1024K, 43 young (44032K), 4 survivors (4096K)
 Metaspace       used 2479K, committed 2624K, reserved 1114112K
  class space    used 256K, committed 320K, reserved 1048576K
}
Event: 0.675 GC heap after
{Heap after GC invocations=9 (full 0):
 garbage-first heap   total 161792K, used 25100K [0x00000007e0000000, 0x0000000800000000)
  region size 1024K, 4 young (4096K), 4 survivors (4096K)
 Metaspace       used 2479K, committed 2624K, reserved 1114112K
  class space    used 256K, committed 320K, reserved 1048576K
}
Event: 2.248 GC heap before
{Heap before GC invocations=9 (full 0):
 garbage-first heap   total 161792K, used 100876K [0x00000007e0000000, 0x0000000800000000)
  region size 1024K, 72 young (73728K), 4 survivors (4096K)
 Metaspace       used 7578K, committed 7808K, reserved 1114112K
  class space    used 773K, committed 896K, reserved 1048576K
}
Event: 2.254 GC heap after
{Heap after GC invocations=10 (full 0):
 garbage-first heap   total 177152K, used 33292K [0x00000007e0000000, 0x0000000800000000)
  region size 1024K, 6 young (6144K), 6 survivors (6144K)
 Metaspace       used 7578K, committed 7808K, reserved 1114112K
  class space    used 773K, committed 896K, reserved 1048576K
}

