# JRE version: OpenJDK Runtime Environment Homebrew (21.0.1) (build 21.0.1)
# Java VM: OpenJDK 64-Bit Server VM Homebrew (21.0.1, mixed mode, sharing, tiered, compressed oops, compressed class ptrs, g1 gc, bsd-aarch64)
GC Precious Log:
 CardTable entry size: 512
 Card Set container configuration: InlinePtr #cards 5 size 8 Array Of Cards #cards 12 size 40 Howl #buckets 4 coarsen threshold 1843 Howl Bitmap #cards 512 size 80 coarsen threshold 460 Card regions per heap region 1 cards per card region 2048
 CPUs: 8 total, 8 available
 Memory: 8192M
 Large Page Support: Disabled
 NUMA Support: Disabled
 Compressed Oops: Enabled (Zero based)
 Heap Region Size: 1M
 Heap Min Capacity: 8M
 Heap Initial Capacity: 128M
 Heap Max Capacity: 512M
 Pre-touch: Disabled
 Parallel Workers: 1
 Concurrent Workers: 1
 Concurrent Refinement Workers: 1
 Periodic GC: Disabled
Heap:
 garbage-first heap   total 178176K, used 92683K [0x00000007e0000000, 0x0000000800000000)
  region size 1024K, 56 young (57344K), 7 survivors (7168K)
 Metaspace       used 7649K, committed 7872K, reserved 1114112K
  class space    used 775K, committed 896K, reserved 1048576K
GC Heap History (20 events):
Event: 0.190 GC heap before
{Heap before GC invocations=0 (full 0):
 garbage-first heap   total 133120K, used 7180K [0x00000007e0000000, 0x0000000800000000)
  region size 1024K, 6 young (6144K), 0 survivors (0K)
 Metaspace       used 2285K, committed 2432K, reserved 1114112K
  class space    used 243K, committed 320K, reserved 1048576K
}
Event: 0.191 GC heap after
{Heap after GC invocations=1 (full 0):
 garbage-first heap   total 133120K, used 3156K [0x00000007e0000000, 0x0000000800000000)
  region size 1024K, 1 young (1024K), 1 survivors (1024K)
 Metaspace       used 2285K, committed 2432K, reserved 1114112K
  class space    used 243K, committed 320K, reserved 1048576K
}
Event: 0.206 GC heap before
{Heap before GC invocations=1 (full 0):
 garbage-first heap   total 133120K, used 8276K [0x00000007e0000000, 0x0000000800000000)
  region size 1024K, 6 young (6144K), 1 survivors (1024K)
 Metaspace       used 2425K, committed 2560K, reserved 1114112K
  class space    used 256K, committed 320K, reserved 1048576K
}
Event: 0.207 GC heap after
{Heap after GC invocations=2 (full 0):
 garbage-first heap   total 133120K, used 4724K [0x00000007e0000000, 0x0000000800000000)
  region size 1024K, 1 young (1024K), 1 survivors (1024K)
 Metaspace       used 2425K, committed 2560K, reserved 1114112K
  class space    used 256K, committed 320K, reserved 1048576K
}
Event: 0.217 GC heap before
{Heap before GC invocations=2 (full 0):
 garbage-first heap   total 133120K, used 9844K [0x00000007e0000000, 0x0000000800000000)
  region size 1024K, 6 young (6144K), 1 survivors (1024K)
 Metaspace       used 2442K, committed 2560K, reserved 1114112K
  class space    used 256K, committed 320K, reserved 1048576K
}
Event: 0.218 GC heap after
{Heap after GC invocations=3 (full 0):
 garbage-first heap   total 133120K, used 6156K [0x00000007e0000000, 0x0000000800000000)
  region size 1024K, 1 young (1024K), 1 survivors (1024K)
 Metaspace       used 2442K, committed 2560K, reserved 1114112K
  class space    used 256K, committed 320K, reserved 1048576K
}
Event: 0.245 GC heap before
{Heap before GC invocations=3 (full 0):
 garbage-first heap   total 133120K, used 13324K [0x00000007e0000000, 0x0000000800000000)
  region size 1024K, 8 young (8192K), 1 survivors (1024K)
 Metaspace       used 2455K, committed 2560K, reserved 1114112K
  class space    used 256K, committed 320K, reserved 1048576K
}
Event: 0.246 GC heap after
{Heap after GC invocations=4 (full 0):
 garbage-first heap   total 133120K, used 7677K [0x00000007e0000000, 0x0000000800000000)
  region size 1024K, 1 young (1024K), 1 survivors (1024K)
 Metaspace       used 2455K, committed 2560K, reserved 1114112K
  class space    used 256K, committed 320K, reserved 1048576K
}
Event: 0.283 GC heap before
{Heap before GC invocations=4 (full 0):
 garbage-first heap   total 133120K, used 19965K [0x00000007e0000000, 0x0000000800000000)
  region size 1024K, 13 young (13312K), 1 survivors (1024K)
 Metaspace       used 2460K, committed 2560K, reserved 1114112K
  class space    used 256K, committed 320K, reserved 1048576K
}
Event: 0.285 GC heap after
{Heap after GC invocations=5 (full 0):
 garbage-first heap   total 133120K, used 10044K [0x00000007e0000000, 0x0000000800000000)
  region size 1024K, 2 young (2048K), 2 survivors (2048K)
 Metaspace       used 2460K, committed 2560K, reserved 1114112K
  class space    used 256K, committed 320K, reserved 1048576K
}
Event: 0.337 GC heap before
{Heap before GC invocations=5 (full 0):
 garbage-first heap   total 133120K, used 27452K [0x00000007e0000000, 0x0000000800000000)
  region size 1024K, 19 young (19456K), 2 survivors (2048K)
 Metaspace       used 2466K, committed 2560K, reserved 1114112K
  class space    used 256K, committed 320K, reserved 1048576K
}
Event: 0.341 GC heap after
{Heap after GC invocations=6 (full 0):
 garbage-first heap   total 161792K, used 13836K [0x00000007e0000000, 0x0000000800000000)
  region size 1024K, 3 young (3072K), 3 survivors (3072K)
 Metaspace       used 2466K, committed 2560K, reserved 1114112K
  class space    used 256K, committed 320K, reserved 1048576K
}
Event: 0.396 GC heap before
{Heap before GC invocations=6 (full 0):
 garbage-first heap   total 161792K, used 31244K [0x00000007e0000000, 0x0000000800000000)
  region size 1024K, 20 young (20480K), 3 survivors (3072K)
 Metaspace       used 2466K, committed 2560K, reserved 1114112K
  class space    used 256K, committed 320K, reserved 1048576K
}
Event: 0.401 GC heap after
{Heap after GC invocations=7 (full 0):
 garbage-first heap   total 161792K, used 16908K [0x00000007e0000000, 0x0000000800000000)
  region size 1024K, 3 young (3072K), 3 survivors (3072K)
 Metaspace       used 2466K, committed 2560K, reserved 1114112K
  class space    used 256K, committed 320K, reserved 1048576K
}
Event: 0.476 GC heap before
{Heap before GC invocations=7 (full 0):
 garbage-first heap   total 161792K, used 41484K [0x00000007e0000000, 0x0000000800000000)
  region size 1024K, 27 young (27648K), 3 survivors (3072K)
 Metaspace       used 2466K, committed 2560K, reserved 1114112K
  class space    used 256K, committed 320K, reserved 1048576K
}
Event: 0.481 GC heap after
{Heap after GC invocations=8 (full 0):
 garbage-first heap   total 161792K, used 19971K [0x00000007e0000000, 0x0000000800000000)
  region size 1024K, 3 young (3072K), 3 survivors (3072K)
 Metaspace       used 2466K, committed 2560K, reserved 1114112K
  class space    used 256K, committed 320K, reserved 1048576K
}
Event: 0.572 GC heap before
{Heap before GC invocations=8 (full 0):
 garbage-first heap   total 161792K, used 49667K [0x00000007e0000000, 0x0000000800000000)
  region size 1024K, 32 young (32768K), 3 survivors (3072K)
 Metaspace       used 2466K, committed 2560K, reserved 1114112K
  class space    used 256K, committed 320K, reserved 1048576K
}
Event: 0.577 GC heap after
{Heap after GC invocations=9 (full 0):
 garbage-first heap   total 161792K, used 23051K [0x00000007e0000000, 0x0000000800000000)
  region size 1024K, 3 young (3072K), 3 survivors (3072K)
 Metaspace       used 2466K, committed 2560K, reserved 1114112K
  class space    used 256K, committed 320K, reserved 1048576K
}
Event: 0.745 GC heap before
{Heap before GC invocations=9 (full 0):
 garbage-first heap   total 161792K, used 81419K [0x00000007e0000000, 0x0000000800000000)
  region size 1024K, 59 young (60416K), 3 survivors (3072K)
 Metaspace       used 2466K, committed 2560K, reserved 1114112K
  class space    used 256K, committed 320K, reserved 1048576K
}
Event: 0.753 GC heap after
{Heap after GC invocations=10 (full 0):
 garbage-first heap   total 178176K, used 28171K [0x00000007e0000000, 0x0000000800000000)
  region size 1024K, 7 young (7168K), 7 survivors (7168K)
 Metaspace       used 2466K, committed 2560K, reserved 1114112K
  class space    used 256K, committed 320K, reserved 1048576K
}

